<?xml version="1.0" encoding="UTF-8"?>
<!-- Generated by org.testng.reporters.JUnitReportReporter -->
<testsuite hostname="LAPTOP-FNSSOA10" failures="0" tests="1" name="Aictec.Wejha.tests.Alltests" time="42.063" errors="0" timestamp="2025-04-08T02:13:05 IST" skipped="0">
  <testcase classname="Aictec.Wejha.tests.Alltests" name="accountCreation" time="42.063"/>
  <system-out/>
</testsuite> <!-- Aictec.Wejha.tests.Alltests -->
